app/build/intermediates/manifest_merge_blame_file/release/manifest-merger-blame-release-report.txt
1<?xml version="1.0" encoding="utf-8"?>
2<manifest xmlns:android="http://schemas.android.com/apk/res/android"
3    package="com.redants.rankquest"
4    android:versionCode="9"
5    android:versionName="1.9" >
6
7    <uses-sdk
8        android:minSdkVersion="21"
8-->src\main\AndroidManifest.xml
9        android:targetSdkVersion="28" />
9-->src\main\AndroidManifest.xml
10
11    <uses-permission android:name="android.permission.INTERNET" />
11-->src\main\AndroidManifest.xml:5:5-67
11-->src\main\AndroidManifest.xml:5:22-64
12    <uses-permission android:name="android.permission.ACCESS_WIFI_STATE" />
12-->src\main\AndroidManifest.xml:6:5-76
12-->src\main\AndroidManifest.xml:6:22-73
13    <uses-permission android:name="android.permission.ACCESS_NETWORK_STATE" />
13-->src\main\AndroidManifest.xml:7:5-79
13-->src\main\AndroidManifest.xml:7:22-76
14    <uses-permission android:name="android.permission.WAKE_LOCK" />
14-->[com.google.android.gms:play-services-measurement:17.2.3] AndroidManifest.xml:25:5-68
14-->[com.google.android.gms:play-services-measurement:17.2.3] AndroidManifest.xml:25:22-65
15    <uses-permission android:name="com.google.android.finsky.permission.BIND_GET_INSTALL_REFERRER_SERVICE" /> <!-- Required by older versions of Google Play services to create IID tokens -->
15-->[com.google.android.gms:play-services-measurement:17.2.3] AndroidManifest.xml:26:5-110
15-->[com.google.android.gms:play-services-measurement:17.2.3] AndroidManifest.xml:26:22-107
16    <uses-permission android:name="com.google.android.c2dm.permission.RECEIVE" />
16-->[com.google.firebase:firebase-iid:20.1.2] AndroidManifest.xml:26:5-82
16-->[com.google.firebase:firebase-iid:20.1.2] AndroidManifest.xml:26:22-79
17
18    <application
18-->src\main\AndroidManifest.xml:9:5-174:19
19        android:allowBackup="true"
19-->src\main\AndroidManifest.xml:10:9-35
20        android:appComponentFactory="androidx.core.app.CoreComponentFactory"
20-->[androidx.core:core:1.3.0-alpha02] AndroidManifest.xml:24:18-86
21        android:icon="@mipmap/ic_launcher"
21-->src\main\AndroidManifest.xml:11:9-43
22        android:label="RankQuest"
22-->src\main\AndroidManifest.xml:12:9-34
23        android:roundIcon="@mipmap/ic_launcher_round"
23-->src\main\AndroidManifest.xml:13:9-54
24        android:supportsRtl="true"
24-->src\main\AndroidManifest.xml:14:9-35
25        android:theme="@style/AppTheme"
25-->src\main\AndroidManifest.xml:15:9-40
26        android:usesCleartextTraffic="true" >
26-->src\main\AndroidManifest.xml:16:9-44
27        <activity android:name="com.example.admin.data.Homepage.DynamicFragments.College_Details" />
27-->src\main\AndroidManifest.xml:17:9-88
27-->src\main\AndroidManifest.xml:17:19-76
28        <activity android:name="com.example.admin.data.Homepage.DynamicFragments.SelectColleges" />
28-->src\main\AndroidManifest.xml:18:9-78
28-->src\main\AndroidManifest.xml:18:19-75
29        <activity android:name="com.example.admin.data.Homepage.DynamicFragments.SelectBranches" />
29-->src\main\AndroidManifest.xml:19:9-78
29-->src\main\AndroidManifest.xml:19:19-75
30        <activity android:name="com.example.admin.data.Homepage.DynamicFragments.Dynamic_Cutoff_Result" />
30-->src\main\AndroidManifest.xml:20:9-85
30-->src\main\AndroidManifest.xml:20:19-82
31        <activity
31-->src\main\AndroidManifest.xml:21:9-23:55
32            android:name="com.example.admin.data.Homepage.Dynamic_Class_For_Bottom_Navigation"
32-->src\main\AndroidManifest.xml:22:13-73
33            android:windowSoftInputMode="adjustPan" />
33-->src\main\AndroidManifest.xml:23:13-52
34        <activity android:name="com.example.admin.data.examPolycet.Polycet_Statastics_Graphs" />
34-->src\main\AndroidManifest.xml:24:9-75
34-->src\main\AndroidManifest.xml:24:19-72
35        <activity android:name="com.example.admin.data.examPgecet.Pgcet_Statastics_Graphs" />
35-->src\main\AndroidManifest.xml:25:9-72
35-->src\main\AndroidManifest.xml:25:19-69
36        <activity android:name="com.example.admin.data.examEcet.Ecet_Statastics_Graphs" />
36-->src\main\AndroidManifest.xml:26:9-69
36-->src\main\AndroidManifest.xml:26:19-66
37        <activity android:name="com.example.admin.data.Homepage.Nit" />
37-->src\main\AndroidManifest.xml:27:9-50
37-->src\main\AndroidManifest.xml:27:19-47
38
39        <meta-data
39-->src\main\AndroidManifest.xml:29:9-31:69
40            android:name="com.google.android.gms.ads.APPLICATION_ID"
40-->src\main\AndroidManifest.xml:30:13-69
41            android:value="ca-app-pub-7470227253711247~4089135355" />
41-->src\main\AndroidManifest.xml:31:13-67
42        <meta-data
42-->src\main\AndroidManifest.xml:33:9-35:35
43            android:name="com.google.android.gms.ads.AD_MANAGER_APP"
43-->src\main\AndroidManifest.xml:34:13-69
44            android:value="true" />
44-->src\main\AndroidManifest.xml:35:13-33
45
46        <activity
46-->src\main\AndroidManifest.xml:37:9-46:20
47            android:name="com.example.admin.data.Homepage.SplashScreen"
47-->src\main\AndroidManifest.xml:38:13-50
48            android:screenOrientation="fullSensor" >
48-->src\main\AndroidManifest.xml:39:13-51
49            <intent-filter>
49-->src\main\AndroidManifest.xml:40:13-45:29
50                <action android:name="android.intent.action.MAIN" />
50-->src\main\AndroidManifest.xml:41:17-69
50-->src\main\AndroidManifest.xml:41:25-66
51                <action android:name="android.intent.action.VIEW" />
51-->src\main\AndroidManifest.xml:42:17-69
51-->src\main\AndroidManifest.xml:42:25-66
52
53                <category android:name="android.intent.category.LAUNCHER" />
53-->src\main\AndroidManifest.xml:44:17-77
53-->src\main\AndroidManifest.xml:44:27-74
54            </intent-filter>
55        </activity>
56        <activity
56-->src\main\AndroidManifest.xml:47:9-51:54
57            android:name="com.example.admin.data.Homepage.MainActivity"
57-->src\main\AndroidManifest.xml:48:13-50
58            android:configChanges="orientation"
58-->src\main\AndroidManifest.xml:49:13-48
59            android:icon="@drawable/ic_action_action_search"
59-->src\main\AndroidManifest.xml:50:13-61
60            android:screenOrientation="fullSensor" />
60-->src\main\AndroidManifest.xml:51:13-51
61        <activity
61-->src\main\AndroidManifest.xml:52:9-56:55
62            android:name="com.example.admin.data.Homepage.Eamcet"
62-->src\main\AndroidManifest.xml:53:13-44
63            android:label="EAMCET"
63-->src\main\AndroidManifest.xml:54:13-35
64            android:screenOrientation="fullSensor"
64-->src\main\AndroidManifest.xml:55:13-51
65            android:windowSoftInputMode="adjustPan" />
65-->src\main\AndroidManifest.xml:56:13-52
66        <activity
66-->src\main\AndroidManifest.xml:57:9-61:55
67            android:name="com.example.admin.data.Homepage.Polycet"
67-->src\main\AndroidManifest.xml:58:13-45
68            android:label="POLYCET"
68-->src\main\AndroidManifest.xml:59:13-36
69            android:screenOrientation="fullSensor"
69-->src\main\AndroidManifest.xml:60:13-51
70            android:windowSoftInputMode="adjustPan" />
70-->src\main\AndroidManifest.xml:61:13-52
71        <activity
71-->src\main\AndroidManifest.xml:62:9-66:55
72            android:name="com.example.admin.data.Homepage.Icet"
72-->src\main\AndroidManifest.xml:63:13-42
73            android:label="ICET"
73-->src\main\AndroidManifest.xml:64:13-33
74            android:screenOrientation="fullSensor"
74-->src\main\AndroidManifest.xml:65:13-51
75            android:windowSoftInputMode="adjustPan" />
75-->src\main\AndroidManifest.xml:66:13-52
76        <activity
76-->src\main\AndroidManifest.xml:67:9-71:55
77            android:name="com.example.admin.data.Homepage.Ecet"
77-->src\main\AndroidManifest.xml:68:13-42
78            android:label="ECET"
78-->src\main\AndroidManifest.xml:69:13-33
79            android:screenOrientation="fullSensor"
79-->src\main\AndroidManifest.xml:70:13-51
80            android:windowSoftInputMode="adjustPan" />
80-->src\main\AndroidManifest.xml:71:13-52
81        <activity
81-->src\main\AndroidManifest.xml:72:9-76:55
82            android:name="com.example.admin.data.Homepage.Pgcet"
82-->src\main\AndroidManifest.xml:73:13-43
83            android:label="PGECET"
83-->src\main\AndroidManifest.xml:74:13-35
84            android:screenOrientation="fullSensor"
84-->src\main\AndroidManifest.xml:75:13-51
85            android:windowSoftInputMode="adjustPan" />
85-->src\main\AndroidManifest.xml:76:13-52
86        <activity
86-->src\main\AndroidManifest.xml:77:9-80:54
87            android:name="com.example.admin.data.Homepage.Developers"
87-->src\main\AndroidManifest.xml:78:13-48
88            android:label="Developers"
88-->src\main\AndroidManifest.xml:79:13-39
89            android:screenOrientation="fullSensor" />
89-->src\main\AndroidManifest.xml:80:13-51
90        <activity
90-->src\main\AndroidManifest.xml:81:9-84:54
91            android:name="com.example.admin.data.Homepage.Feedback"
91-->src\main\AndroidManifest.xml:82:13-46
92            android:label="Feedback"
92-->src\main\AndroidManifest.xml:83:13-37
93            android:screenOrientation="fullSensor" />
93-->src\main\AndroidManifest.xml:84:13-51
94        <activity
94-->src\main\AndroidManifest.xml:85:9-88:54
95            android:name="com.example.admin.data.Homepage.Websites"
95-->src\main\AndroidManifest.xml:86:13-46
96            android:label="Websites"
96-->src\main\AndroidManifest.xml:87:13-37
97            android:screenOrientation="fullSensor" />
97-->src\main\AndroidManifest.xml:88:13-51
98        <activity
98-->src\main\AndroidManifest.xml:89:9-92:54
99            android:name="com.example.admin.data.examEamcet.Eamcet_Cutoff_Result"
99-->src\main\AndroidManifest.xml:90:13-60
100            android:label="EAMCET Cutoff"
100-->src\main\AndroidManifest.xml:91:13-42
101            android:screenOrientation="fullSensor" />
101-->src\main\AndroidManifest.xml:92:13-51
102        <activity
102-->src\main\AndroidManifest.xml:93:9-96:54
103            android:name="com.example.admin.data.examPgecet.Pgcet_Colleges_Details"
103-->src\main\AndroidManifest.xml:94:13-62
104            android:label="College Information"
104-->src\main\AndroidManifest.xml:95:13-48
105            android:screenOrientation="fullSensor" />
105-->src\main\AndroidManifest.xml:96:13-51
106        <activity
106-->src\main\AndroidManifest.xml:97:9-100:54
107            android:name="com.example.admin.data.examEamcet.Eamcet_Colleges_Details"
107-->src\main\AndroidManifest.xml:98:13-63
108            android:label="College Information"
108-->src\main\AndroidManifest.xml:99:13-48
109            android:screenOrientation="fullSensor" />
109-->src\main\AndroidManifest.xml:100:13-51
110        <activity
110-->src\main\AndroidManifest.xml:101:9-104:54
111            android:name="com.example.admin.data.examEamcet.Select"
111-->src\main\AndroidManifest.xml:102:13-46
112            android:label="Select Branches"
112-->src\main\AndroidManifest.xml:103:13-44
113            android:screenOrientation="fullSensor" />
113-->src\main\AndroidManifest.xml:104:13-51
114        <activity
114-->src\main\AndroidManifest.xml:105:9-108:54
115            android:name="com.example.admin.data.examEamcet.Cutoff_Select_Colleges"
115-->src\main\AndroidManifest.xml:106:13-62
116            android:label="Select Colleges"
116-->src\main\AndroidManifest.xml:107:13-44
117            android:screenOrientation="fullSensor" />
117-->src\main\AndroidManifest.xml:108:13-51
118        <activity
118-->src\main\AndroidManifest.xml:109:9-113:59
119            android:name="com.example.admin.data.Homepage.Login"
119-->src\main\AndroidManifest.xml:110:13-43
120            android:label="Login"
120-->src\main\AndroidManifest.xml:111:13-34
121            android:screenOrientation="fullSensor"
121-->src\main\AndroidManifest.xml:112:13-51
122            android:theme="@style/AppTheme.NoActionBar" />
122-->src\main\AndroidManifest.xml:113:13-56
123        <activity
123-->src\main\AndroidManifest.xml:114:9-117:54
124            android:name="com.example.admin.data.Homepage.Register"
124-->src\main\AndroidManifest.xml:115:13-46
125            android:label="Registration"
125-->src\main\AndroidManifest.xml:116:13-41
126            android:screenOrientation="fullSensor" />
126-->src\main\AndroidManifest.xml:117:13-51
127        <activity
127-->src\main\AndroidManifest.xml:118:9-121:54
128            android:name="com.example.admin.data.Homepage.Survey"
128-->src\main\AndroidManifest.xml:119:13-44
129            android:label="Survey "
129-->src\main\AndroidManifest.xml:120:13-36
130            android:screenOrientation="fullSensor" />
130-->src\main\AndroidManifest.xml:121:13-51
131        <activity
131-->src\main\AndroidManifest.xml:122:9-125:54
132            android:name="com.example.admin.data.Homepage.SurveyViewDetails"
132-->src\main\AndroidManifest.xml:123:13-55
133            android:label="Survey Details"
133-->src\main\AndroidManifest.xml:124:13-43
134            android:screenOrientation="fullSensor" />
134-->src\main\AndroidManifest.xml:125:13-51
135        <activity
135-->src\main\AndroidManifest.xml:126:9-129:54
136            android:name="com.example.admin.data.examPolycet.Polcet_Colleges_Details"
136-->src\main\AndroidManifest.xml:127:13-64
137            android:label="College Information"
137-->src\main\AndroidManifest.xml:128:13-48
138            android:screenOrientation="fullSensor" />
138-->src\main\AndroidManifest.xml:129:13-51
139        <activity
139-->src\main\AndroidManifest.xml:130:9-133:54
140            android:name="com.example.admin.data.examPolycet.SelectBranchesPolycet"
140-->src\main\AndroidManifest.xml:131:13-62
141            android:label="Select Branches"
141-->src\main\AndroidManifest.xml:132:13-44
142            android:screenOrientation="fullSensor" />
142-->src\main\AndroidManifest.xml:133:13-51
143        <activity
143-->src\main\AndroidManifest.xml:134:9-137:54
144            android:name="com.example.admin.data.examPolycet.Cutoff_Select_Colleges_Polycet"
144-->src\main\AndroidManifest.xml:135:13-71
145            android:label="Select Colleges"
145-->src\main\AndroidManifest.xml:136:13-44
146            android:screenOrientation="fullSensor" />
146-->src\main\AndroidManifest.xml:137:13-51
147        <activity
147-->src\main\AndroidManifest.xml:138:9-141:54
148            android:name="com.example.admin.data.examPolycet.Polycet_Cutoff_Result"
148-->src\main\AndroidManifest.xml:139:13-62
149            android:label="POLYCET Cutoff"
149-->src\main\AndroidManifest.xml:140:13-43
150            android:screenOrientation="fullSensor" />
150-->src\main\AndroidManifest.xml:141:13-51
151        <activity
151-->src\main\AndroidManifest.xml:142:9-145:54
152            android:name="com.example.admin.data.examPgecet.SelectBranchesPgcet"
152-->src\main\AndroidManifest.xml:143:13-59
153            android:label="Select Branches"
153-->src\main\AndroidManifest.xml:144:13-44
154            android:screenOrientation="fullSensor" />
154-->src\main\AndroidManifest.xml:145:13-51
155        <activity
155-->src\main\AndroidManifest.xml:146:9-149:54
156            android:name="com.example.admin.data.examPgecet.Cutoff_Select_Colleges_Pgcet"
156-->src\main\AndroidManifest.xml:147:13-68
157            android:label="Select Colleges"
157-->src\main\AndroidManifest.xml:148:13-44
158            android:screenOrientation="fullSensor" />
158-->src\main\AndroidManifest.xml:149:13-51
159        <activity
159-->src\main\AndroidManifest.xml:150:9-153:54
160            android:name="com.example.admin.data.examPgecet.Pgcet_Cutoff_Result"
160-->src\main\AndroidManifest.xml:151:13-59
161            android:label="PGECET Cutoff "
161-->src\main\AndroidManifest.xml:152:13-43
162            android:screenOrientation="fullSensor" />
162-->src\main\AndroidManifest.xml:153:13-51
163        <activity
163-->src\main\AndroidManifest.xml:154:9-157:54
164            android:name="com.example.admin.data.examEamcet.Emcet_Statastics_Graphs"
164-->src\main\AndroidManifest.xml:155:13-63
165            android:label=" "
165-->src\main\AndroidManifest.xml:156:13-30
166            android:screenOrientation="fullSensor" />
166-->src\main\AndroidManifest.xml:157:13-51
167        <activity
167-->src\main\AndroidManifest.xml:158:9-161:54
168            android:name="com.example.admin.data.examEcet.Ecet_Colleges_Details"
168-->src\main\AndroidManifest.xml:159:13-59
169            android:label="College Information"
169-->src\main\AndroidManifest.xml:160:13-48
170            android:screenOrientation="fullSensor" />
170-->src\main\AndroidManifest.xml:161:13-51
171        <activity
171-->src\main\AndroidManifest.xml:162:9-165:54
172            android:name="com.example.admin.data.examEcet.SelectBranchesEcet"
172-->src\main\AndroidManifest.xml:163:13-56
173            android:label="Select Branches"
173-->src\main\AndroidManifest.xml:164:13-44
174            android:screenOrientation="fullSensor" />
174-->src\main\AndroidManifest.xml:165:13-51
175        <activity
175-->src\main\AndroidManifest.xml:166:9-169:54
176            android:name="com.example.admin.data.examEcet.Cutoff_Select_Colleges_Ecet"
176-->src\main\AndroidManifest.xml:167:13-65
177            android:label="Select Colleges"
177-->src\main\AndroidManifest.xml:168:13-44
178            android:screenOrientation="fullSensor" />
178-->src\main\AndroidManifest.xml:169:13-51
179        <activity
179-->src\main\AndroidManifest.xml:170:9-173:54
180            android:name="com.example.admin.data.examEcet.Ecet_Cutoff_Result"
180-->src\main\AndroidManifest.xml:171:13-56
181            android:label="ECET Cutoff"
181-->src\main\AndroidManifest.xml:172:13-40
182            android:screenOrientation="fullSensor" />
182-->src\main\AndroidManifest.xml:173:13-51
183        <!--
184             FirebaseMessagingService performs security checks at runtime,
185             but set to not exported to explicitly avoid allowing another app to call it.
186        -->
187        <service
187-->[com.google.firebase:firebase-messaging:20.1.3] AndroidManifest.xml:28:9-34:19
188            android:name="com.google.firebase.messaging.FirebaseMessagingService"
188-->[com.google.firebase:firebase-messaging:20.1.3] AndroidManifest.xml:29:13-82
189            android:exported="false" >
189-->[com.google.firebase:firebase-messaging:20.1.3] AndroidManifest.xml:30:13-37
190            <intent-filter android:priority="-500" >
190-->[com.google.firebase:firebase-messaging:20.1.3] AndroidManifest.xml:31:13-33:29
190-->[com.google.firebase:firebase-messaging:20.1.3] AndroidManifest.xml:31:28-51
191                <action android:name="com.google.firebase.MESSAGING_EVENT" />
191-->[com.google.firebase:firebase-messaging:20.1.3] AndroidManifest.xml:32:17-78
191-->[com.google.firebase:firebase-messaging:20.1.3] AndroidManifest.xml:32:25-75
192            </intent-filter>
193        </service>
194        <service
194-->[com.google.firebase:firebase-messaging:20.1.3] AndroidManifest.xml:35:9-41:19
195            android:name="com.google.firebase.components.ComponentDiscoveryService"
195-->[com.google.firebase:firebase-messaging:20.1.3] AndroidManifest.xml:36:13-84
196            android:directBootAware="true"
196-->[com.google.firebase:firebase-common:19.3.0] AndroidManifest.xml:34:13-43
197            android:exported="false" >
197-->[com.google.firebase:firebase-messaging:20.1.3] AndroidManifest.xml:37:13-37
198            <meta-data
198-->[com.google.firebase:firebase-messaging:20.1.3] AndroidManifest.xml:38:13-40:85
199                android:name="com.google.firebase.components:com.google.firebase.messaging.FirebaseMessagingRegistrar"
199-->[com.google.firebase:firebase-messaging:20.1.3] AndroidManifest.xml:39:17-119
200                android:value="com.google.firebase.components.ComponentRegistrar" />
200-->[com.google.firebase:firebase-messaging:20.1.3] AndroidManifest.xml:40:17-82
201            <meta-data
201-->[com.google.android.gms:play-services-measurement-api:17.2.3] AndroidManifest.xml:30:13-32:85
202                android:name="com.google.firebase.components:com.google.firebase.analytics.connector.internal.AnalyticsConnectorRegistrar"
202-->[com.google.android.gms:play-services-measurement-api:17.2.3] AndroidManifest.xml:31:17-139
203                android:value="com.google.firebase.components.ComponentRegistrar" />
203-->[com.google.android.gms:play-services-measurement-api:17.2.3] AndroidManifest.xml:32:17-82
204            <meta-data
204-->[com.google.firebase:firebase-datatransport:17.0.3] AndroidManifest.xml:28:13-30:85
205                android:name="com.google.firebase.components:com.google.firebase.datatransport.TransportRegistrar"
205-->[com.google.firebase:firebase-datatransport:17.0.3] AndroidManifest.xml:29:17-115
206                android:value="com.google.firebase.components.ComponentRegistrar" />
206-->[com.google.firebase:firebase-datatransport:17.0.3] AndroidManifest.xml:30:17-82
207            <meta-data
207-->[com.google.firebase:firebase-iid:20.1.2] AndroidManifest.xml:32:13-34:85
208                android:name="com.google.firebase.components:com.google.firebase.iid.Registrar"
208-->[com.google.firebase:firebase-iid:20.1.2] AndroidManifest.xml:33:17-96
209                android:value="com.google.firebase.components.ComponentRegistrar" />
209-->[com.google.firebase:firebase-iid:20.1.2] AndroidManifest.xml:34:17-82
210            <meta-data
210-->[com.google.firebase:firebase-installations:16.1.0] AndroidManifest.xml:17:13-19:85
211                android:name="com.google.firebase.components:com.google.firebase.installations.FirebaseInstallationsRegistrar"
211-->[com.google.firebase:firebase-installations:16.1.0] AndroidManifest.xml:18:17-127
212                android:value="com.google.firebase.components.ComponentRegistrar" />
212-->[com.google.firebase:firebase-installations:16.1.0] AndroidManifest.xml:19:17-82
213        </service>
214
215        <provider
215-->[com.squareup.picasso:picasso:2.71828] AndroidManifest.xml:8:9-11:40
216            android:name="com.squareup.picasso.PicassoProvider"
216-->[com.squareup.picasso:picasso:2.71828] AndroidManifest.xml:9:13-64
217            android:authorities="com.redants.rankquest.com.squareup.picasso"
217-->[com.squareup.picasso:picasso:2.71828] AndroidManifest.xml:10:13-72
218            android:exported="false" />
218-->[com.squareup.picasso:picasso:2.71828] AndroidManifest.xml:11:13-37
219
220        <receiver
220-->[com.google.android.gms:play-services-measurement:17.2.3] AndroidManifest.xml:29:9-33:20
221            android:name="com.google.android.gms.measurement.AppMeasurementReceiver"
221-->[com.google.android.gms:play-services-measurement:17.2.3] AndroidManifest.xml:30:13-85
222            android:enabled="true"
222-->[com.google.android.gms:play-services-measurement:17.2.3] AndroidManifest.xml:31:13-35
223            android:exported="false" >
223-->[com.google.android.gms:play-services-measurement:17.2.3] AndroidManifest.xml:32:13-37
224        </receiver>
225        <receiver
225-->[com.google.android.gms:play-services-measurement:17.2.3] AndroidManifest.xml:34:9-42:20
226            android:name="com.google.android.gms.measurement.AppMeasurementInstallReferrerReceiver"
226-->[com.google.android.gms:play-services-measurement:17.2.3] AndroidManifest.xml:35:13-100
227            android:enabled="true"
227-->[com.google.android.gms:play-services-measurement:17.2.3] AndroidManifest.xml:36:13-35
228            android:exported="true"
228-->[com.google.android.gms:play-services-measurement:17.2.3] AndroidManifest.xml:37:13-36
229            android:permission="android.permission.INSTALL_PACKAGES" >
229-->[com.google.android.gms:play-services-measurement:17.2.3] AndroidManifest.xml:38:13-69
230            <intent-filter>
230-->[com.google.android.gms:play-services-measurement:17.2.3] AndroidManifest.xml:39:13-41:29
231                <action android:name="com.android.vending.INSTALL_REFERRER" />
231-->[com.google.android.gms:play-services-measurement:17.2.3] AndroidManifest.xml:40:17-79
231-->[com.google.android.gms:play-services-measurement:17.2.3] AndroidManifest.xml:40:25-76
232            </intent-filter>
233        </receiver>
234
235        <service
235-->[com.google.android.gms:play-services-measurement:17.2.3] AndroidManifest.xml:44:9-47:40
236            android:name="com.google.android.gms.measurement.AppMeasurementService"
236-->[com.google.android.gms:play-services-measurement:17.2.3] AndroidManifest.xml:45:13-84
237            android:enabled="true"
237-->[com.google.android.gms:play-services-measurement:17.2.3] AndroidManifest.xml:46:13-35
238            android:exported="false" />
238-->[com.google.android.gms:play-services-measurement:17.2.3] AndroidManifest.xml:47:13-37
239        <service
239-->[com.google.android.gms:play-services-measurement:17.2.3] AndroidManifest.xml:48:9-52:72
240            android:name="com.google.android.gms.measurement.AppMeasurementJobService"
240-->[com.google.android.gms:play-services-measurement:17.2.3] AndroidManifest.xml:49:13-87
241            android:enabled="true"
241-->[com.google.android.gms:play-services-measurement:17.2.3] AndroidManifest.xml:50:13-35
242            android:exported="false"
242-->[com.google.android.gms:play-services-measurement:17.2.3] AndroidManifest.xml:51:13-37
243            android:permission="android.permission.BIND_JOB_SERVICE" /> <!-- Include the AdActivity and InAppPurchaseActivity configChanges and themes. -->
243-->[com.google.android.gms:play-services-measurement:17.2.3] AndroidManifest.xml:52:13-69
244        <activity
244-->[com.google.android.gms:play-services-ads-lite:19.0.0] AndroidManifest.xml:29:9-33:64
245            android:name="com.google.android.gms.ads.AdActivity"
245-->[com.google.android.gms:play-services-ads-lite:19.0.0] AndroidManifest.xml:30:13-65
246            android:configChanges="keyboard|keyboardHidden|orientation|screenLayout|uiMode|screenSize|smallestScreenSize"
246-->[com.google.android.gms:play-services-ads-lite:19.0.0] AndroidManifest.xml:31:13-122
247            android:exported="false"
247-->[com.google.android.gms:play-services-ads-lite:19.0.0] AndroidManifest.xml:32:13-37
248            android:theme="@android:style/Theme.Translucent" />
248-->[com.google.android.gms:play-services-ads-lite:19.0.0] AndroidManifest.xml:33:13-61
249
250        <provider
250-->[com.google.android.gms:play-services-ads-lite:19.0.0] AndroidManifest.xml:35:9-39:39
251            android:name="com.google.android.gms.ads.MobileAdsInitProvider"
251-->[com.google.android.gms:play-services-ads-lite:19.0.0] AndroidManifest.xml:36:13-76
252            android:authorities="com.redants.rankquest.mobileadsinitprovider"
252-->[com.google.android.gms:play-services-ads-lite:19.0.0] AndroidManifest.xml:37:13-73
253            android:exported="false"
253-->[com.google.android.gms:play-services-ads-lite:19.0.0] AndroidManifest.xml:38:13-37
254            android:initOrder="100" />
254-->[com.google.android.gms:play-services-ads-lite:19.0.0] AndroidManifest.xml:39:13-36
255
256        <receiver
256-->[com.google.firebase:firebase-iid:20.1.2] AndroidManifest.xml:37:9-44:20
257            android:name="com.google.firebase.iid.FirebaseInstanceIdReceiver"
257-->[com.google.firebase:firebase-iid:20.1.2] AndroidManifest.xml:38:13-78
258            android:exported="true"
258-->[com.google.firebase:firebase-iid:20.1.2] AndroidManifest.xml:39:13-36
259            android:permission="com.google.android.c2dm.permission.SEND" >
259-->[com.google.firebase:firebase-iid:20.1.2] AndroidManifest.xml:40:13-73
260            <intent-filter>
260-->[com.google.firebase:firebase-iid:20.1.2] AndroidManifest.xml:41:13-43:29
261                <action android:name="com.google.android.c2dm.intent.RECEIVE" />
261-->[com.google.firebase:firebase-iid:20.1.2] AndroidManifest.xml:42:17-81
261-->[com.google.firebase:firebase-iid:20.1.2] AndroidManifest.xml:42:25-78
262            </intent-filter>
263        </receiver>
264
265        <provider
265-->[com.google.firebase:firebase-common:19.3.0] AndroidManifest.xml:26:9-30:39
266            android:name="com.google.firebase.provider.FirebaseInitProvider"
266-->[com.google.firebase:firebase-common:19.3.0] AndroidManifest.xml:27:13-77
267            android:authorities="com.redants.rankquest.firebaseinitprovider"
267-->[com.google.firebase:firebase-common:19.3.0] AndroidManifest.xml:28:13-72
268            android:exported="false"
268-->[com.google.firebase:firebase-common:19.3.0] AndroidManifest.xml:29:13-37
269            android:initOrder="100" />
269-->[com.google.firebase:firebase-common:19.3.0] AndroidManifest.xml:30:13-36
270
271        <activity
271-->[com.google.android.gms:play-services-base:17.0.0] AndroidManifest.xml:23:9-26:75
272            android:name="com.google.android.gms.common.api.GoogleApiActivity"
272-->[com.google.android.gms:play-services-base:17.0.0] AndroidManifest.xml:24:13-79
273            android:exported="false"
273-->[com.google.android.gms:play-services-base:17.0.0] AndroidManifest.xml:25:13-37
274            android:theme="@android:style/Theme.Translucent.NoTitleBar" />
274-->[com.google.android.gms:play-services-base:17.0.0] AndroidManifest.xml:26:13-72
275
276        <meta-data
276-->[com.google.android.gms:play-services-basement:17.0.0] AndroidManifest.xml:23:9-25:69
277            android:name="com.google.android.gms.version"
277-->[com.google.android.gms:play-services-basement:17.0.0] AndroidManifest.xml:24:13-58
278            android:value="@integer/google_play_services_version" />
278-->[com.google.android.gms:play-services-basement:17.0.0] AndroidManifest.xml:25:13-66
279
280        <service
280-->[com.google.android.datatransport:transport-backend-cct:2.2.0] AndroidManifest.xml:29:9-35:19